build/app/intermediates/manifest_merge_blame_file/debug/manifest-merger-blame-debug-report.txt
1<?xml version="1.0" encoding="utf-8"?>
2<manifest xmlns:android="http://schemas.android.com/apk/res/android"
3    package="com.example.loginapp"
4    android:versionCode="1"
5    android:versionName="1.0.0" >
6
7    <uses-sdk
8        android:minSdkVersion="16"
9        android:targetSdkVersion="28" />
10    <!--
11         Flutter needs it to communicate with the running application
12         to allow setting breakpoints, to provide hot reload, etc.
13    -->
14    <uses-permission android:name="android.permission.INTERNET" />
14-->src\debug\AndroidManifest.xml:6:5-66
14-->src\debug\AndroidManifest.xml:6:22-64
15    <uses-permission android:name="android.permission.READ_EXTERNAL_STORAGE" />
15-->[:image_picker] AndroidManifest.xml:7:5-80
15-->[:image_picker] AndroidManifest.xml:7:22-77
16    <uses-permission android:name="android.permission.WRITE_EXTERNAL_STORAGE" /> <!-- Although the *SdkVersion is captured in gradle build files, this is required for non gradle builds -->
16-->[:image_picker] AndroidManifest.xml:8:5-81
16-->[:image_picker] AndroidManifest.xml:8:22-78
17    <!-- <uses-sdk android:minSdkVersion="14"/> -->
18    <uses-permission android:name="android.permission.ACCESS_NETWORK_STATE" />
18-->[com.google.firebase:firebase-storage:17.0.0] AndroidManifest.xml:26:5-79
18-->[com.google.firebase:firebase-storage:17.0.0] AndroidManifest.xml:26:22-76
19    <!--
20 io.flutter.app.FlutterApplication is an android.app.Application that
21         calls FlutterMain.startInitialization(this); in its onCreate method.
22         In most cases you can leave this as-is, but you if you want to provide
23         additional functionality it is fine to subclass or reimplement
24         FlutterApplication and put your custom class here.
25    -->
26    <application
26-->src\main\AndroidManifest.xml:8:5-46:19
27        android:name="io.flutter.app.FlutterApplication"
27-->src\main\AndroidManifest.xml:9:9-57
28        android:appComponentFactory="androidx.core.app.CoreComponentFactory"
28-->[androidx.core:core:1.1.0] AndroidManifest.xml:24:18-86
29        android:debuggable="true"
30        android:icon="@mipmap/ic_launcher"
30-->src\main\AndroidManifest.xml:11:9-43
31        android:label="loginapp" >
31-->src\main\AndroidManifest.xml:10:9-33
32        <activity
32-->src\main\AndroidManifest.xml:12:9-40:20
33            android:name="com.example.loginapp.MainActivity"
33-->src\main\AndroidManifest.xml:13:13-41
34            android:configChanges="orientation|keyboardHidden|keyboard|screenSize|smallestScreenSize|locale|layoutDirection|fontScale|screenLayout|density|uiMode"
34-->src\main\AndroidManifest.xml:16:13-163
35            android:hardwareAccelerated="true"
35-->src\main\AndroidManifest.xml:17:13-47
36            android:launchMode="singleTop"
36-->src\main\AndroidManifest.xml:14:13-43
37            android:theme="@style/LaunchTheme"
37-->src\main\AndroidManifest.xml:15:13-47
38            android:windowSoftInputMode="adjustResize" >
38-->src\main\AndroidManifest.xml:18:13-55
39
40            <!--
41                 Specifies an Android theme to apply to this Activity as soon as
42                 the Android process has started. This theme is visible to the user
43                 while the Flutter UI initializes. After that, this theme continues
44                 to determine the Window background behind the Flutter UI.
45            -->
46            <meta-data
46-->src\main\AndroidManifest.xml:23:13-26:17
47                android:name="io.flutter.embedding.android.NormalTheme"
47-->src\main\AndroidManifest.xml:24:15-70
48                android:resource="@style/NormalTheme" />
48-->src\main\AndroidManifest.xml:25:15-52
49            <!--
50                 Displays an Android View that continues showing the launch screen
51                 Drawable until Flutter paints its first frame, then this splash
52                 screen fades out. A splash screen is useful to avoid any visual
53                 gap between the end of Android's launch screen and the painting of
54                 Flutter's first frame.
55            -->
56            <meta-data
56-->src\main\AndroidManifest.xml:32:13-35:17
57                android:name="io.flutter.embedding.android.SplashScreenDrawable"
57-->src\main\AndroidManifest.xml:33:15-79
58                android:resource="@drawable/launch_background" />
58-->src\main\AndroidManifest.xml:34:15-61
59
60            <intent-filter>
60-->src\main\AndroidManifest.xml:36:13-39:29
61                <action android:name="android.intent.action.MAIN" />
61-->src\main\AndroidManifest.xml:37:17-68
61-->src\main\AndroidManifest.xml:37:25-66
62
63                <category android:name="android.intent.category.LAUNCHER" />
63-->src\main\AndroidManifest.xml:38:17-76
63-->src\main\AndroidManifest.xml:38:27-74
64            </intent-filter>
65        </activity>
66        <!--
67             Don't delete the meta-data below.
68             This is used by the Flutter tool to generate GeneratedPluginRegistrant.java
69        -->
70        <meta-data
70-->src\main\AndroidManifest.xml:43:9-45:33
71            android:name="flutterEmbedding"
71-->src\main\AndroidManifest.xml:44:13-44
72            android:value="2" />
72-->src\main\AndroidManifest.xml:45:13-30
73
74        <service
74-->[:firebase_storage] AndroidManifest.xml:8:9-12:19
75            android:name="com.google.firebase.components.ComponentDiscoveryService"
75-->[:firebase_storage] AndroidManifest.xml:8:18-89
76            android:directBootAware="true"
76-->[com.google.firebase:firebase-common:19.3.0] AndroidManifest.xml:34:13-43
77            android:exported="false" >
77-->[com.google.firebase:firebase-auth:19.2.0] AndroidManifest.xml:35:13-37
78            <meta-data
78-->[:firebase_storage] AndroidManifest.xml:9:13-11:85
79                android:name="com.google.firebase.components:io.flutter.plugins.firebase.storage.FlutterFirebaseAppRegistrar"
79-->[:firebase_storage] AndroidManifest.xml:10:17-126
80                android:value="com.google.firebase.components.ComponentRegistrar" />
80-->[:firebase_storage] AndroidManifest.xml:11:17-82
81            <meta-data
81-->[:cloud_firestore] AndroidManifest.xml:9:13-11:85
82                android:name="com.google.firebase.components:io.flutter.plugins.firebase.cloudfirestore.FlutterFirebaseAppRegistrar"
82-->[:cloud_firestore] AndroidManifest.xml:10:17-133
83                android:value="com.google.firebase.components.ComponentRegistrar" />
83-->[:cloud_firestore] AndroidManifest.xml:11:17-82
84            <meta-data
84-->[:firebase_auth] AndroidManifest.xml:9:13-11:85
85                android:name="com.google.firebase.components:io.flutter.plugins.firebaseauth.FlutterFirebaseAppRegistrar"
85-->[:firebase_auth] AndroidManifest.xml:10:17-122
86                android:value="com.google.firebase.components.ComponentRegistrar" />
86-->[:firebase_auth] AndroidManifest.xml:11:17-82
87            <meta-data
87-->[:firebase_core] AndroidManifest.xml:9:13-11:85
88                android:name="com.google.firebase.components:io.flutter.plugins.firebase.core.FlutterFirebaseAppRegistrar"
88-->[:firebase_core] AndroidManifest.xml:10:17-123
89                android:value="com.google.firebase.components.ComponentRegistrar" />
89-->[:firebase_core] AndroidManifest.xml:11:17-82
90            <meta-data
90-->[com.google.firebase:firebase-auth:19.2.0] AndroidManifest.xml:36:13-38:85
91                android:name="com.google.firebase.components:com.google.firebase.auth.FirebaseAuthRegistrar"
91-->[com.google.firebase:firebase-auth:19.2.0] AndroidManifest.xml:37:17-109
92                android:value="com.google.firebase.components.ComponentRegistrar" />
92-->[com.google.firebase:firebase-auth:19.2.0] AndroidManifest.xml:38:17-82
93            <meta-data
93-->[com.google.firebase:firebase-storage:17.0.0] AndroidManifest.xml:31:13-33:85
94                android:name="com.google.firebase.components:com.google.firebase.storage.StorageRegistrar"
94-->[com.google.firebase:firebase-storage:17.0.0] AndroidManifest.xml:32:17-107
95                android:value="com.google.firebase.components.ComponentRegistrar" />
95-->[com.google.firebase:firebase-storage:17.0.0] AndroidManifest.xml:33:17-82
96            <meta-data
96-->[com.google.firebase:firebase-firestore:21.3.0] AndroidManifest.xml:20:13-22:85
97                android:name="com.google.firebase.components:com.google.firebase.firestore.FirestoreRegistrar"
97-->[com.google.firebase:firebase-firestore:21.3.0] AndroidManifest.xml:21:17-111
98                android:value="com.google.firebase.components.ComponentRegistrar" />
98-->[com.google.firebase:firebase-firestore:21.3.0] AndroidManifest.xml:22:17-82
99        </service>
100
101        <provider
101-->[:image_picker] AndroidManifest.xml:11:9-19:20
102            android:name="io.flutter.plugins.imagepicker.ImagePickerFileProvider"
102-->[:image_picker] AndroidManifest.xml:12:13-82
103            android:authorities="com.example.loginapp.flutter.image_provider"
103-->[:image_picker] AndroidManifest.xml:13:13-74
104            android:exported="false"
104-->[:image_picker] AndroidManifest.xml:14:13-37
105            android:grantUriPermissions="true" >
105-->[:image_picker] AndroidManifest.xml:15:13-47
106            <meta-data
106-->[:image_picker] AndroidManifest.xml:16:13-18:75
107                android:name="android.support.FILE_PROVIDER_PATHS"
107-->[:image_picker] AndroidManifest.xml:17:17-67
108                android:resource="@xml/flutter_image_picker_file_paths" />
108-->[:image_picker] AndroidManifest.xml:18:17-72
109        </provider>
110
111        <activity
111-->[:url_launcher] AndroidManifest.xml:8:9-11:74
112            android:name="io.flutter.plugins.urllauncher.WebViewActivity"
112-->[:url_launcher] AndroidManifest.xml:9:13-74
113            android:exported="false"
113-->[:url_launcher] AndroidManifest.xml:10:13-37
114            android:theme="@android:style/Theme.NoTitleBar.Fullscreen" />
114-->[:url_launcher] AndroidManifest.xml:11:13-71
115
116        <provider
116-->[:image_share] AndroidManifest.xml:8:9-16:20
117            android:name="fr.jonmlk.imageshare.ImageShareFileProvider"
117-->[:image_share] AndroidManifest.xml:9:13-71
118            android:authorities="com.example.loginapp.imageshare.fileprovider"
118-->[:image_share] AndroidManifest.xml:10:13-75
119            android:exported="false"
119-->[:image_share] AndroidManifest.xml:11:13-37
120            android:grantUriPermissions="true" >
120-->[:image_share] AndroidManifest.xml:12:13-47
121            <meta-data
121-->[:image_picker] AndroidManifest.xml:16:13-18:75
122                android:name="android.support.FILE_PROVIDER_PATHS"
122-->[:image_picker] AndroidManifest.xml:17:17-67
123                android:resource="@xml/image_share_file_paths" />
123-->[:image_picker] AndroidManifest.xml:18:17-72
124        </provider>
125
126        <activity
126-->[com.google.firebase:firebase-auth:19.2.0] AndroidManifest.xml:24:9-31:50
127            android:name="com.google.firebase.auth.internal.FederatedSignInActivity"
127-->[com.google.firebase:firebase-auth:19.2.0] AndroidManifest.xml:25:13-85
128            android:excludeFromRecents="true"
128-->[com.google.firebase:firebase-auth:19.2.0] AndroidManifest.xml:26:13-46
129            android:exported="true"
129-->[com.google.firebase:firebase-auth:19.2.0] AndroidManifest.xml:27:13-36
130            android:launchMode="singleTask"
130-->[com.google.firebase:firebase-auth:19.2.0] AndroidManifest.xml:28:13-44
131            android:permission="com.google.firebase.auth.api.gms.permission.LAUNCH_FEDERATED_SIGN_IN"
131-->[com.google.firebase:firebase-auth:19.2.0] AndroidManifest.xml:29:13-102
132            android:theme="@android:style/Theme.Translucent.NoTitleBar" />
132-->[com.google.firebase:firebase-auth:19.2.0] AndroidManifest.xml:30:13-72
133
134        <provider
134-->[com.google.firebase:firebase-common:19.3.0] AndroidManifest.xml:26:9-30:39
135            android:name="com.google.firebase.provider.FirebaseInitProvider"
135-->[com.google.firebase:firebase-common:19.3.0] AndroidManifest.xml:27:13-77
136            android:authorities="com.example.loginapp.firebaseinitprovider"
136-->[com.google.firebase:firebase-common:19.3.0] AndroidManifest.xml:28:13-72
137            android:exported="false"
137-->[com.google.firebase:firebase-common:19.3.0] AndroidManifest.xml:29:13-37
138            android:initOrder="100" />
138-->[com.google.firebase:firebase-common:19.3.0] AndroidManifest.xml:30:13-36
139
140        <activity
140-->[com.google.android.gms:play-services-base:17.1.0] AndroidManifest.xml:23:9-26:75
141            android:name="com.google.android.gms.common.api.GoogleApiActivity"
141-->[com.google.android.gms:play-services-base:17.1.0] AndroidManifest.xml:24:13-79
142            android:exported="false"
142-->[com.google.android.gms:play-services-base:17.1.0] AndroidManifest.xml:25:13-37
143            android:theme="@android:style/Theme.Translucent.NoTitleBar" />
143-->[com.google.android.gms:play-services-base:17.1.0] AndroidManifest.xml:26:13-72
144
145        <meta-data
145-->[com.google.android.gms:play-services-basement:17.0.0] AndroidManifest.xml:23:9-25:69
146            android:name="com.google.android.gms.version"
146-->[com.google.android.gms:play-services-basement:17.0.0] AndroidManifest.xml:24:13-58
147            android:value="@integer/google_play_services_version" />
147-->[com.google.android.gms:play-services-basement:17.0.0] AndroidManifest.xml:25:13-66
148    </application>
149
150</manifest>